<?xml version="1.0" encoding="UTF-8"?>
<!-- Generated by org.testng.reporters.JUnitReportReporter -->
<testsuite skipped="0" hostname="PG01CBAC" name="TC_005_PostRequestValidation" tests="1" failures="0" timestamp="01 Mar 2019 12:48:36 GMT" time="4.316" errors="0">
  <testcase name="testJsonBody1" time="4.316" classname="TC_005_PostRequestValidation"/>
</testsuite> <!-- TC_005_PostRequestValidation -->
