<?xml version="1.0" encoding="UTF-8"?>
<!-- Generated by org.testng.reporters.JUnitReportReporter -->
<testsuite skipped="0" hostname="PG01CBAC" name="TC_004_XMLValidation" tests="1" failures="0" timestamp="25 Feb 2019 12:51:55 GMT" time="1.469" errors="0">
  <testcase name="testPostRequest" time="1.469" classname="TC_004_XMLValidation"/>
</testsuite> <!-- TC_004_XMLValidation -->
