<?xml version="1.0" encoding="UTF-8"?>
<!-- Generated by org.testng.reporters.JUnitReportReporter -->
<testsuite skipped="0" hostname="PG01CBAC" name="TC_002_PostRequestValidation" tests="1" failures="0" timestamp="28 Feb 2019 12:56:55 GMT" time="1.740" errors="0">
  <testcase name="testPostRequest" time="1.740" classname="TC_002_PostRequestValidation"/>
</testsuite> <!-- TC_002_PostRequestValidation -->
