<?xml version="1.0" encoding="UTF-8"?>
<!-- Generated by org.testng.reporters.JUnitReportReporter -->
<testsuite skipped="0" hostname="PG01CBAC" name="TC_003_DeleteReqeust" tests="1" failures="0" timestamp="01 Mar 2019 12:13:04 GMT" time="39.534" errors="0">
  <testcase name="deletePlace" time="39.534" classname="TC_003_DeleteReqeust"/>
</testsuite> <!-- TC_003_DeleteReqeust -->
