<?xml version="1.0" encoding="UTF-8"?>
<!-- Generated by org.testng.reporters.JUnitReportReporter -->
<testsuite skipped="0" hostname="PG01CBAC" name="TC_001_GetRequestVerification" tests="1" failures="0" timestamp="28 Feb 2019 12:53:44 GMT" time="4.406" errors="0">
  <testcase name="testJsonBody" time="4.406" classname="TC_001_GetRequestVerification"/>
</testsuite> <!-- TC_001_GetRequestVerification -->
